<?xml version="1.0" encoding="UTF-8"?>
<!-- Generated by org.testng.reporters.JUnitXMLReporter -->
<testsuite hostname="Manjulas-MacBook-Pro.local" name="home" tests="8" failures="0" timestamp="11 Jan 2016 21:27:48 GMT" time="8.109" errors="0">
  <testcase name="checkTitle" time="0.476" classname="com.main.tests.HomePageTest"/>
  <testcase name="checkLogo" time="0.371" classname="com.main.tests.HomePageTest"/>
  <testcase name="checkSliderImageCount" time="0.53" classname="com.main.tests.HomePageTest"/>
  <testcase name="checkNavBar" time="0.03" classname="com.main.tests.HomePageTest"/>
  <testcase name="checkInfoPanel" time="0.027" classname="com.main.tests.HomePageTest"/>
  <testcase name="checkNavBarResources" time="0.009" classname="com.main.tests.HomePageTest"/>
  <testcase name="checkHeader" time="2.402" classname="com.main.tests.HomePageTest"/>
  <testcase name="checkFooter" time="4.218" classname="com.main.tests.HomePageTest"/>
</testsuite> <!-- home -->
